<?xml version="1.0" encoding="UTF-8"?>
<!-- Generated by org.testng.reporters.JUnitXMLReporter -->
<testsuite ignored="0" hostname="V3nKaT" failures="1" tests="1" name="HomePageNavigation" time="14.998" errors="0" timestamp="2019-10-20T02:02:23 IST">
  <testcase classname="SeleniumE2ETytorial.HomePageNavigation" name="NavigateToHomepage" time="10.977">
    <failure type="java.lang.AssertionError" message="expected [AN ACADEMY TO LEARN everything ABOUT TESTING] but found [AN ACADEMY TO LEARN EVERYTHING ABOUT TESTING]">
      <![CDATA[java.lang.AssertionError: expected [AN ACADEMY TO LEARN everything ABOUT TESTING] but found [AN ACADEMY TO LEARN EVERYTHING ABOUT TESTING]
at SeleniumE2ETytorial.HomePageNavigation.NavigateToHomepage(HomePageNavigation.java:31)
at java.base/java.util.ArrayList.forEach(ArrayList.java:1540)
... Removed 36 stack frames]]>
    </failure>
  </testcase> <!-- NavigateToHomepage -->
</testsuite> <!-- HomePageNavigation -->
