<?xml version="1.0" encoding="UTF-8"?>
<testsuite xmlns:xsi="http://www.w3.org/2001/XMLSchema-instance" xsi:noNamespaceSchemaLocation="https://maven.apache.org/surefire/maven-surefire-plugin/xsd/surefire-test-report-3.0.xsd" version="3.0" name="TestSuite" time="69.841" tests="4" errors="0" skipped="0" failures="1">
  <properties>
[...]
</properties>
  <testcase name="LoginValidation" classname="SeleniumE2ETytorial.LoginPageValidation" time="23.835"/>
  <testcase name="LoginValidation" classname="SeleniumE2ETytorial.LoginPageValidation" time="6.729"/>
  <testcase name="HeaderValidation" classname="SeleniumE2ETytorial.HomePageHeaderValidation" time="10.181"/>
  <testcase name="NavigateToHomepage" classname="SeleniumE2ETytorial.HomePageNavigation" time="11.488">
    <failure message="expected [AN ACADEMY TO LEARN everything ABOUT TESTING] but found [AN ACADEMY TO LEARN EVERYTHING ABOUT TESTING]" type="java.lang.AssertionError">java.lang.AssertionError: expected [AN ACADEMY TO LEARN everything ABOUT TESTING] but found [AN ACADEMY TO LEARN EVERYTHING ABOUT TESTING]
	at SeleniumE2ETytorial.HomePageNavigation.NavigateToHomepage(HomePageNavigation.java:31)
</failure>
    <system-err><![CDATA[Starting ChromeDriver 77.0.3865.40 (f484704e052e0b556f8030b65b953dce96503217-refs/branch-heads/3865@{#442}) on port 48287
Only local connections are allowed.
Please protect ports used by ChromeDriver and related test frameworks to prevent access by malicious code.
Oct 20, 2019 2:02:11 AM org.openqa.selenium.remote.ProtocolHandshake createSession
INFO: Detected dialect: W3C
]]></system-err>
  </testcase>
</testsuite>